STARTING VERIFICATION BATCH 4 TESTS (DEC 24, 2025)
============================================================
TEST: Article E: Nepal Consensus (Real)
Source: https://kathmandupost.com/national/2025/12/political-consensus-elections
Text Snippet: Headline: Top Political Leaders Agree on Framework for Upcoming General Election...
Status: Verified (Trusted Source)
Reliable: True
Confidence: 1.00
Method: Model + Provided Source
Explanation: Source https://kathmandupost.com/national/2025/12/political-consensus-elections is a recognized trusted news or institutional outlet.
--------------------
============================================================
TEST: Article F: Moscow Incident (Real)
Source: https://tass.com/emergencies/moscow-explosion-investigation
Text Snippet: Headline: Explosion in Moscow Results in Three Fatalities; Investigation Committ...
Status: Real
Reliable: True
Confidence: 1.00
Method: Model + Provided Source
Explanation: Analysis based on writing style. Source credibility is unknown.
--------------------
============================================================
TEST: Article G: Memory-Wipe Pill (Fake)
Source: https://medical-truth.blog/mnem7-memory-wipe-pill
Text Snippet: Headline: New 'Memory-Wipe' Pill Approved for Emergency Use in Post-Traumatic St...
Status: Likely Fake (Untrusted Source)
Reliable: False
Confidence: 1.00
Method: Model + Provided Source
Explanation: Source https://medical-truth.blog/mnem7-memory-wipe-pill is known for misinformation or satire.
--------------------
============================================================
TEST: Article H: Currency Expiration (Fake)
Source: NONE (Auto-Search)
Text Snippet: Headline: Global Central Bank Collective Announces 'Expiration Dates' for Digita...
Status: Unverified (Real by text analysis)
Reliable: True
Confidence: 0.65
Method: Model + Internet Search
Explanation: No relevant sources found. No corroborating high-trust sources found. Proceed with caution.
--------------------
BATCH 4 TESTS COMPLETED
