STARTING VERIFICATION BATCH 3 TESTS (DEC 24, 2025)
============================================================
TEST: Article A: Healthcare Acquisition (Real)
Source: https://www.bloomberg.com/news/articles/2025-12-24/healthcare-acquisition
Text Snippet: Headline: European Pharmaceutical Giant Agrees to $1.1 Billion Acquisition of Va...
Status: Verified (Trusted Source)
Reliable: True
Confidence: 1.00
Method: Model + Provided Source
Explanation: Source https://www.bloomberg.com/news/articles/2025-12-24/healthcare-acquisition is a recognized trusted news or institutional outlet.
--------------------
============================================================
TEST: Article B: Semiconductor Award (Real)
Source: https://www.reuters.com/technology/semiconductor-award-2025
Text Snippet: Headline: Optics Leader Receives Performance Award for Supporting Global Semicon...
Status: Verified (Trusted Source)
Reliable: True
Confidence: 1.00
Method: Model + Provided Source
Explanation: Source https://www.reuters.com/technology/semiconductor-award-2025 is a recognized trusted news or institutional outlet.
--------------------
============================================================
TEST: Article C: Smart-Fridge Lockouts (Fake)
Source: https://energygrid-truth.site/smart-fridge-mandate
Text Snippet: Headline: International Energy Bureau Mandates 'Smart-Fridge Lockouts' During Pe...
Status: Likely Fake (Untrusted Source)
Reliable: False
Confidence: 1.00
Method: Model + Provided Source
Explanation: Source https://energygrid-truth.site/smart-fridge-mandate is known for misinformation or satire.
--------------------
============================================================
TEST: Article D: Silicon Lifeform (Fake)
Source: NONE (Auto-Search)
Text Snippet: Headline: Deep Sea Expedition Finds 'Living Fossil' with Silicon-Based Genetic S...
Status: Unverified (Real by text analysis)
Reliable: True
Confidence: 0.65
Method: Model + Internet Search
Explanation: No relevant sources found. No corroborating high-trust sources found. Proceed with caution.
--------------------
BATCH 3 TESTS COMPLETED
